<?xml version="1.0" encoding="UTF-8"?>
<testsuite xmlns:xsi="http://www.w3.org/2001/XMLSchema-instance" xsi:noNamespaceSchemaLocation="https://maven.apache.org/surefire/maven-surefire-plugin/xsd/surefire-test-report-3.0.xsd" version="3.0" name="io.cucumber.junit.platform.engine.CucumberTestEngine" time="3.942" tests="1" errors="0" skipped="0" failures="0">
  <properties>
[...]
</properties>
  <testcase name="Verify user login and location update" classname="Auth and Driver APIs" time="3.858">
    <system-out><![CDATA[
&amp#27;[1mScenario:&amp#27;[22m Verify user login and location update                                                         &amp#27;[90m# classpath:features/v.feature:4&amp#27;[39m
21:06:00 [main] INFO  stepDefinitions.stepDefinitions -Base URI set to: https://api.sandbox.beckn.juspay.in/dev/dobpp/ui
  &amp#27;[32m✔&amp#27;[39m &amp#27;[32m&amp#27;[1mGiven &amp#27;[22mAuth API payload&amp#27;[39m                                                                              &amp#27;[90m# stepDefinitions.stepDefinitions.i_have_ath_api_payload()&amp#27;[39m
21:06:00 [main] INFO  stepDefinitions.stepDefinitions -Sending Auth API request with mobileNumber=6378299819, countryCode=+91, merchantId=7f7896dd-787e-4a0b-8675-e9e6fe93bb8f, city=Delhi
21:06:01 [main] INFO  stepDefinitions.stepDefinitions -Auth API Response: {
    "attempts": 3,
    "authId": "44f96e3d-2ccd-4bee-974f-026babbe3e33"
}
21:06:01 [main] INFO  stepDefinitions.stepDefinitions -Extracted Auth ID: 44f96e3d-2ccd-4bee-974f-026babbe3e33
  &amp#27;[32m✔&amp#27;[39m &amp#27;[32m&amp#27;[1mWhen &amp#27;[22mI send a post request to API&amp#27;[39m                                                                   &amp#27;[90m# stepDefinitions.stepDefinitions.i_send_post_request_to_API()&amp#27;[39m
21:06:01 [main] INFO  stepDefinitions.stepDefinitions -Validating Auth API status code. Expected=200, Actual=200
  &amp#27;[32m✔&amp#27;[39m &amp#27;[32m&amp#27;[1mThen &amp#27;[22mauth id should be successfully created and the status code is &amp#27;[1m200&amp#27;[22m&amp#27;[39m                              &amp#27;[90m# stepDefinitions.stepDefinitions.validate_status_code(int)&amp#27;[39m
21:06:01 [main] INFO  stepDefinitions.stepDefinitions -Sending Verify API request with otp=7891 and deviceToken=5497873d-10ca-42f3-8a32-22de4c916026
21:06:01 [main] INFO  stepDefinitions.stepDefinitions -Verify API Response: {
    "person": {
        "firstName": "Prithvi Driver",
        "id": "232d4794-e7f8-43e8-86f9-b508bb5093fe",
        "language": "ENGLISH",
        "lastName": null,
        "maskedDeviceToken": "549...026",
        "maskedMobileNumber": "637...819",
        "middleName": null,
        "role": "DRIVER",
        "whatsappNotificationEnrollStatus": "OPT_IN"
    },
    "token": "8126910e-ab57-4223-8a7b-5d329f1b28e5"
}
21:06:01 [main] INFO  stepDefinitions.stepDefinitions -Extracted token: 8126910e-ab57-4223-8a7b-5d329f1b28e5
  &amp#27;[32m✔&amp#27;[39m &amp#27;[32m&amp#27;[1mWhen &amp#27;[22mI send a verify request with otp &amp#27;[1m"7891"&amp#27;[22m and deviceToken &amp#27;[1m"5497873d-10ca-42f3-8a32-22de4c916026"&amp#27;[22m&amp#27;[39m &amp#27;[90m# stepDefinitions.stepDefinitions.i_send_verify_request(java.lang.String,java.lang.String)&amp#27;[39m
21:06:01 [main] INFO  stepDefinitions.stepDefinitions -Validating Verify API status code. Expected=200, Actual=200
  &amp#27;[32m✔&amp#27;[39m &amp#27;[32m&amp#27;[1mThen &amp#27;[22mverify status code should be &amp#27;[1m200&amp#27;[22m&amp#27;[39m                                                               &amp#27;[90m# stepDefinitions.stepDefinitions.verify_status_code_should_be(int)&amp#27;[39m
21:06:01 [main] INFO  stepDefinitions.stepDefinitions -Sending Driver Location API request with lat=12.9716, lon=77.5946
21:06:01 [main] INFO  stepDefinitions.stepDefinitions -Driver Location API Response: 
  &amp#27;[32m✔&amp#27;[39m &amp#27;[32m&amp#27;[1mWhen &amp#27;[22mI send driver location with lat &amp#27;[1m12.9716&amp#27;[22m and lon &amp#27;[1m77.5946&amp#27;[22m&amp#27;[39m                                        &amp#27;[90m# stepDefinitions.stepDefinitions.i_send_driverloaction_request(java.lang.Double,java.lang.Double)&amp#27;[39m
21:06:01 [main] INFO  stepDefinitions.stepDefinitions -Validating Driver Location API status code. Expected=200, Actual=200
  &amp#27;[32m✔&amp#27;[39m &amp#27;[32m&amp#27;[1mThen &amp#27;[22mdriver location status code should be &amp#27;[1m200&amp#27;[22m&amp#27;[39m                                                      &amp#27;[90m# stepDefinitions.stepDefinitions.driver_location_status_code_should_be(int)&amp#27;[39m
21:06:01 [main] INFO  stepDefinitions.stepDefinitions -Sending SetActivity API request with mode=ONLINE, active=true
21:06:02 [main] INFO  stepDefinitions.stepDefinitions -SetActivity API Response: {
    "result": "Success"
}
21:06:02 [main] INFO  stepDefinitions.stepDefinitions -Status Code: 200
  &amp#27;[32m✔&amp#27;[39m &amp#27;[32m&amp#27;[1mWhen &amp#27;[22mI send setActivity API&amp#27;[39m                                                                         &amp#27;[90m# stepDefinitions.stepDefinitions.i_send_setActivity_request()&amp#27;[39m
21:06:02 [main] INFO  stepDefinitions.stepDefinitions -Validating SetActivity API status code. Expected=200, Actual=200
  &amp#27;[32m✔&amp#27;[39m &amp#27;[32m&amp#27;[1mThen &amp#27;[22msetActivity status code should be &amp#27;[1m200&amp#27;[22m&amp#27;[39m                                                          &amp#27;[90m# stepDefinitions.stepDefinitions.setActivity_status_code_should_be(int)&amp#27;[39m
21:06:02 [main] INFO  stepDefinitions.stepDefinitions -Sending Driver Profile API request
21:06:03 [main] INFO  stepDefinitions.stepDefinitions -Driver Profile API Response: {
    "aadhaarCardPhoto": null,
    "active": true,
    "alternateNumber": null,
    "assignedRidesCountDaily": 2,
    "assignedRidesCountInWindow": 8,
    "assignedRidesCountWeekly": 8,
    "autoPayStatus": "ACTIVE",
    "bankDetails": null,
    "blockExpiryTime": "2024-10-04T09:35:00.132862Z",
    "blockStateModifier": null,
    "blocked": false,
    "blockedReasonFlag": null,
    "bundleVersion": {
        "build": null,
        "maintenance": 118,
        "major": 3,
        "minor": 0,
        "preRelease": null
    },
    "canDowngradeToHatchback": false,
    "canDowngradeToSedan": false,
    "canDowngradeToTaxi": false,
    "canSwitchToInterCity": true,
    "canSwitchToIntraCity": true,
    "canSwitchToRental": true,
    "cancellationRateInWindow": 0,
    "cancellationRateSlabConfig": {
        "dailySlabs": [
            
        ],
        "weeklySlabs": [
            
        ]
    },
    "cancelledRidesCountDaily": 0,
    "cancelledRidesCountInWindow": 0,
    "cancelledRidesCountWeekly": 0,
    "checkIfACWorking": false,
    "clientVersion": {
        "build": null,
        "maintenance": 39,
        "major": 3,
        "minor": 0,
        "preRelease": null
    },
    "currentDues": 27,
    "currentDuesWithCurrency": {
        "amount": 27,
        "currency": "INR"
    },
    "driverGoHomeInfo": {
        "cnt": 2,
        "driverGoHomeRequestId": null,
        "goHomeReferenceTime": "2025-09-18T00:00:00Z",
        "isOnRide": false,
        "status": null,
        "validTill": null
    },
    "driverTags": {
        "PetDriver": "true"
    },
    "dynamicReferralCode": "0285",
    "email": null,
    "enabled": true,
    "enabledAt": "2024-05-02T08:35:42.329621Z",
    "favCount": 8,
    "firstName": "Prithvi Driver",
    "fleetOwnerId": "3ff75338-712c-4dbb-9279-ee96f4ed06b9",
    "freeTrialDays": 7,
    "freeTrialDaysLeft": 0,
    "freeTrialRides": 5,
    "frontendConfigHash": null,
    "gender": "UNKNOWN",
    "id": "232d4794-e7f8-43e8-86f9-b508bb5093fe",
    "isGoHomeEnabled": false,
    "isOnFreeTrial": false,
    "isPayoutEnabled": false,
    "isPetModeEnabled": true,
    "isSilentModeEnabled": null,
    "isSpecialLocWarrior": false,
    "isSubscriptionCityChanged": true,
    "isSubscriptionEnabledAtCategoryLevel": false,
    "isSubscriptionVehicleCategoryChanged": false,
    "isVehicleSupported": true,
    "language": "ENGLISH",
    "lastName": null,
    "linkedVehicle": {
        "capacity": 5,
        "category": "CAR",
        "color": "CLASSICGRE",
        "createdAt": "2024-07-08T09:52:15.132001Z",
        "driverId": "232d4794-e7f8-43e8-86f9-b508bb5093fe",
        "model": "TOYOTA ETIOS",
        "registrationNo": "KA51AA8545",
        "serviceTierType": "COMFY",
        "variant": "SEDAN",
        "vehicleName": null
    },
    "manualDues": 27,
    "manualDuesWithCurrency": {
        "amount": 27,
        "currency": "INR"
    },
    "maskedDeviceToken": "549...026",
    "maxPickupRadius": null,
    "mediaUrl": null,
    "middleName": null,
    "mobileNumber": "6378299819",
    "mode": "ONLINE",
    "numberOfRides": 268,
    "nyClubConsent": null,
    "onRide": false,
    "onboardingVehicleCategory": null,
    "operatingCity": "std:011",
    "operatorId": null,
    "operatorReferralCode": null,
    "organization": {
        "contactNumber": "Unknown",
        "description": null,
        "enabled": true,
        "id": "7f7896dd-787e-4a0b-8675-e9e6fe93bb8f",
        "name": "NAMMA_YATRI",
        "status": "APPROVED"
    },
    "overchargingTag": null,
    "payerVpa": "vinaykumarkm091@ybl",
    "paymentPending": true,
    "payoutRewardAmount": 1,
    "payoutVpa": null,
    "payoutVpaBankAccount": null,
    "payoutVpaStatus": null,
    "planMandatoryForCategory": false,
    "qrUrl": null,
    "rating": 5,
    "reactVersion": null,
    "referralCode": "002595",
    "ridesWithFareIssues": null,
    "safetyScore": null,
    "safetyTag": null,
    "softBlockExpiryTime": null,
    "softBlockReasonFlag": null,
    "softBlockStiers": null,
    "subscribed": true,
    "subscriptionDown": false,
    "subscriptionEnabledForVehicleCategory": false,
    "totalRidesConsideredForFareIssues": null,
    "totalRidesTaken": null,
    "tripDistanceMaxThreshold": null,
    "tripDistanceMinThreshold": null,
    "verified": false,
    "windowSize": 14
}
  &amp#27;[32m✔&amp#27;[39m &amp#27;[32m&amp#27;[1mWhen &amp#27;[22mI Send Driver Profile API&amp#27;[39m                                                                      &amp#27;[90m# stepDefinitions.stepDefinitions.i_send_driver_profile()&amp#27;[39m
21:06:03 [main] INFO  stepDefinitions.stepDefinitions -Extracted variant: null
  &amp#27;[32m✔&amp#27;[39m &amp#27;[32m&amp#27;[1mThen &amp#27;[22mStore the variant&amp#27;[39m                                                                              &amp#27;[90m# stepDefinitions.stepDefinitions.store_the_variant()&amp#27;[39m
]]></system-out>
    <system-err><![CDATA[Sept 17, 2025 9:05:59 PM org.junit.platform.launcher.core.DiscoveryIssueNotifier logIssues
WARNING: TestEngine with ID 'cucumber' encountered a non-critical issue during test discovery:

(1) [WARNING] Discovering tests using the cucumber.features property. Other discovery selectors are ignored!

This is a work around for the limited JUnit 5 support in Maven and Gradle. Please request/upvote/sponsor/ect better support for JUnit 5 discovery selectors. For details see: https://github.com/cucumber/cucumber-jvm/pull/2498

If you are using the JUnit 5 Suite Engine, Platform Launcher API or Console Launcher you should not use this property. Please consult the JUnit 5 documentation on test selection.
SLF4J: Failed to load class "org.slf4j.impl.StaticLoggerBinder".
SLF4J: Defaulting to no-operation (NOP) logger implementation
SLF4J: See http://www.slf4j.org/codes.html#StaticLoggerBinder for further details.
]]></system-err>
  </testcase>
</testsuite>